  bowl.cpp
  skatepark.cpp
  skybox.cpp
  speed_bump.cpp
  sphere.cpp
  cuboid.cpp
  cylinder.cpp
  glsl.cpp
  main.cpp
D:\Computing\Courses\Computer Graphics\Computer Graphics\Skatepark\Skatepark\main.cpp(610,28): warning C4305: '-=': truncation from 'double' to 'T'
D:\Computing\Courses\Computer Graphics\Computer Graphics\Skatepark\Skatepark\main.cpp(610,28): warning C4305:         with
D:\Computing\Courses\Computer Graphics\Computer Graphics\Skatepark\Skatepark\main.cpp(610,28): warning C4305:         [
D:\Computing\Courses\Computer Graphics\Computer Graphics\Skatepark\Skatepark\main.cpp(610,28): warning C4305:             T=float
D:\Computing\Courses\Computer Graphics\Computer Graphics\Skatepark\Skatepark\main.cpp(610,28): warning C4305:         ]
  prism.cpp
  shape.cpp
  skateboard.cpp
  loader.cpp
D:\Computing\Courses\Computer Graphics\Computer Graphics\Skatepark\Skatepark\loader.cpp(240,31): warning C4018: '<': signed/unsigned mismatch
D:\Computing\Courses\Computer Graphics\Computer Graphics\Skatepark\Skatepark\loader.cpp(243,35): warning C4018: '<': signed/unsigned mismatch
  polygon.cpp
  torus.cpp
D:\Computing\Courses\Computer Graphics\Computer Graphics\Skatepark\Skatepark\torus.cpp(26,20): warning C4244: 'initializing': conversion from 'int' to 'float', possible loss of data
D:\Computing\Courses\Computer Graphics\Computer Graphics\Skatepark\Skatepark\torus.cpp(29,21): warning C4244: 'initializing': conversion from 'int' to 'float', possible loss of data
  Generating Code...
  Skatepark.vcxproj -> D:\Computing\Courses\Computer Graphics\Computer Graphics\Skatepark\Debug\Skatepark.exe
